<?xml version="1.0" encoding="UTF-8"?>
<!-- Generated by org.testng.reporters.JUnitXMLReporter -->
<testsuite ignored="0" hostname="LAPTOP-GB6I0OB6" failures="0" tests="2" name="MyGroupingTest" time="0.791" errors="0" timestamp="2023-10-16T19:25:20 IST">
  <testcase classname="base.Base" name="@BeforeMethod beforeMethod" time="0.017">
    <failure type="java.io.FileNotFoundException" message="D:\A\QADemo\QABible\src\main\resources\config.properties (The system cannot find the file specified)">
      <![CDATA[java.io.FileNotFoundException: D:\A\QADemo\QABible\src\main\resources\config.properties (The system cannot find the file specified)
at java.base/java.io.FileInputStream.open0(Native Method)
at java.base/java.io.FileInputStream.open(FileInputStream.java:216)
at java.base/java.io.FileInputStream.<init>(FileInputStream.java:157)
at java.base/java.io.FileInputStream.<init>(FileInputStream.java:111)
at base.Base.testBase(Base.java:29)
at base.Base.beforeMethod(Base.java:37)
at java.base/java.util.ArrayList.forEach(ArrayList.java:1511)
... Removed 31 stack frames]]>
    </failure>
  </testcase> <!-- @BeforeMethod beforeMethod -->
  <testcase classname="base.Base" name="@AfterMethod afterMethod" time="0.001">
    <failure type="java.lang.NullPointerException" message="Cannot invoke &amp;quot;org.openqa.selenium.WebDriver.close()&amp;quot; because &amp;quot;this.driver&amp;quot; is null">
      <![CDATA[java.lang.NullPointerException: Cannot invoke "org.openqa.selenium.WebDriver.close()" because "this.driver" is null
at base.Base.afterMethod(Base.java:57)
at java.base/java.util.ArrayList.forEach(ArrayList.java:1511)
... Removed 32 stack frames]]>
    </failure>
  </testcase> <!-- @AfterMethod afterMethod -->
  <testcase classname="base.Base" name="@BeforeMethod beforeMethod" time="0.0">
    <failure type="java.io.FileNotFoundException" message="D:\A\QADemo\QABible\src\main\resources\config.properties (The system cannot find the file specified)">
      <![CDATA[java.io.FileNotFoundException: D:\A\QADemo\QABible\src\main\resources\config.properties (The system cannot find the file specified)
at java.base/java.io.FileInputStream.open0(Native Method)
at java.base/java.io.FileInputStream.open(FileInputStream.java:216)
at java.base/java.io.FileInputStream.<init>(FileInputStream.java:157)
at java.base/java.io.FileInputStream.<init>(FileInputStream.java:111)
at base.Base.testBase(Base.java:29)
at base.Base.beforeMethod(Base.java:37)
at java.base/java.util.ArrayList.forEach(ArrayList.java:1511)
... Removed 31 stack frames]]>
    </failure>
  </testcase> <!-- @BeforeMethod beforeMethod -->
  <testcase classname="base.Base" name="@AfterMethod afterMethod" time="0.002">
    <failure type="java.lang.NullPointerException" message="Cannot invoke &amp;quot;org.openqa.selenium.WebDriver.close()&amp;quot; because &amp;quot;this.driver&amp;quot; is null">
      <![CDATA[java.lang.NullPointerException: Cannot invoke "org.openqa.selenium.WebDriver.close()" because "this.driver" is null
at base.Base.afterMethod(Base.java:57)
at java.base/java.util.ArrayList.forEach(ArrayList.java:1511)
... Removed 32 stack frames]]>
    </failure>
  </testcase> <!-- @AfterMethod afterMethod -->
  <testcase classname="testcases.LoginTest" name="verifyLogin" time="0.0">
    <skipped/>
  </testcase> <!-- verifyLogin -->
  <testcase classname="testcases.HomeTest" name="verifyHomePage" time="0.002">
    <skipped/>
  </testcase> <!-- verifyHomePage -->
</testsuite> <!-- MyGroupingTest -->
